==============================================================================
TestCases                                                                     
==============================================================================
TestCases.DDT1                                                                
==============================================================================
TC1:Right user empty password                                         | PASS |
------------------------------------------------------------------------------
TC2:Right user wrong password                                         | PASS |
------------------------------------------------------------------------------
TC3:Wrong user wrong password                                         | PASS |
------------------------------------------------------------------------------
TC4:Wrong user empty password                                         | PASS |
------------------------------------------------------------------------------
TC4:Wrong user right password                                         | PASS |
------------------------------------------------------------------------------
TestCases.DDT1                                                        | PASS |
5 tests, 5 passed, 0 failed
==============================================================================
TestCases                                                             | PASS |
5 tests, 5 passed, 0 failed
==============================================================================
Output:  /Users/amirouchemadaoui/PycharmProjects/RobotFramework/--results/pabot_results/2/output.xml
