==============================================================================
TestCases                                                                     
==============================================================================
TestCases.getAllLinks :: Simple example using SeleniumLibrary.                
==============================================================================
TC1                                                                   61

Demo Site

Testing

Selenium

Live Project

Java
Selenium




















Insurance Project
Agile Project
Bank Project
Security Project
Telecom Project
Payment Gateway Project
New Tours
SEO






Home
Flights
Hotels
Car Rentals
Cruises
Destinations
Vacations
SIGN-ON
REGISTER
SUPPORT
CONTACT
your destination
featured vacation destinations
Register here
Business Travel @ About.com
Salon Travel
| PASS |
------------------------------------------------------------------------------
TestCases.getAllLinks :: Simple example using SeleniumLibrary.        | PASS |
1 test, 1 passed, 0 failed
==============================================================================
TestCases                                                             | PASS |
1 test, 1 passed, 0 failed
==============================================================================
Output:  /Users/amirouchemadaoui/PycharmProjects/RobotFramework/--results/pabot_results/15/output.xml
